\BOOKMARK [0][-]{chapter.1}{Inleiding}{}% 1
\BOOKMARK [0][-]{chapter.2}{Probleemstelling}{}% 2
\BOOKMARK [0][-]{chapter.3}{Opzet}{}% 3
\BOOKMARK [0][-]{chapter.4}{Resultaten}{}% 4
\BOOKMARK [1][-]{section.4.1}{Soorten netwerken}{chapter.4}% 5
\BOOKMARK [2][-]{subsection.4.1.1}{Proof of Work}{section.4.1}% 6
\BOOKMARK [2][-]{subsection.4.1.2}{Proof of Stake}{section.4.1}% 7
\BOOKMARK [1][-]{section.4.2}{Gevaren}{chapter.4}% 8
\BOOKMARK [2][-]{subsection.4.2.1}{Eclipse Attack}{section.4.2}% 9
\BOOKMARK [2][-]{subsection.4.2.2}{Majority Attack}{section.4.2}% 10
\BOOKMARK [2][-]{subsection.4.2.3}{DoS}{section.4.2}% 11
\BOOKMARK [2][-]{subsection.4.2.4}{Sybil Attack}{section.4.2}% 12
\BOOKMARK [2][-]{subsection.4.2.5}{Double spending}{section.4.2}% 13
\BOOKMARK [2][-]{subsection.4.2.6}{Nothing at Stake}{section.4.2}% 14
\BOOKMARK [1][-]{section.4.3}{Identiteit}{chapter.4}% 15
\BOOKMARK [1][-]{section.4.4}{Bitcoin}{chapter.4}% 16
\BOOKMARK [2][-]{subsection.4.4.1}{Functionaliteit}{section.4.4}% 17
\BOOKMARK [2][-]{subsection.4.4.2}{Gevaren}{section.4.4}% 18
\BOOKMARK [2][-]{subsection.4.4.3}{Identiteit}{section.4.4}% 19
\BOOKMARK [1][-]{section.4.5}{Cardano}{chapter.4}% 20
\BOOKMARK [2][-]{subsection.4.5.1}{Functionaliteit}{section.4.5}% 21
\BOOKMARK [2][-]{subsection.4.5.2}{Gevaren}{section.4.5}% 22
\BOOKMARK [2][-]{subsection.4.5.3}{Identiteit}{section.4.5}% 23
\BOOKMARK [1][-]{section.4.6}{EOS}{chapter.4}% 24
\BOOKMARK [2][-]{subsection.4.6.1}{Functionaliteit}{section.4.6}% 25
\BOOKMARK [2][-]{subsection.4.6.2}{Gevaren}{section.4.6}% 26
\BOOKMARK [2][-]{subsection.4.6.3}{Identiteit}{section.4.6}% 27
\BOOKMARK [0][-]{chapter.5}{Conclusie}{}% 28
\BOOKMARK [0][-]{chapter.6}{Bibliografie}{}% 29
